<?xml version="1.0" encoding="UTF-8"?>
<!-- Generated by org.testng.reporters.JUnitReportReporter -->
<testsuite hostname="Cityzen" failures="0" tests="1" name="testngproject.ParalletTestA" time="0.009" errors="0" timestamp="2024-06-10T16:28:15 EDT" skipped="0">
  <testcase classname="testngproject.ParalletTestA" name="test1" time="0.009"/>
</testsuite> <!-- testngproject.ParalletTestA -->
