<?xml version="1.0" encoding="UTF-8"?>
<!-- Generated by org.testng.reporters.JUnitReportReporter -->
<testsuite hostname="Cityzen" failures="0" tests="1" name="testngproject.DescriptionTest" time="0.001" errors="0" timestamp="2024-06-09T01:18:52 EDT" skipped="0">
  <testcase classname="testngproject.DescriptionTest" name="descriptionTest" time="0.001"/>
</testsuite> <!-- testngproject.DescriptionTest -->
