<?xml version="1.0" encoding="UTF-8"?>
<!-- Generated by org.testng.reporters.JUnitReportReporter -->
<testsuite hostname="Cityzen" failures="0" tests="2" name="testngproject.DependencyTest" time="0.003" errors="0" timestamp="2024-06-09T01:18:52 EDT" skipped="0">
  <testcase classname="testngproject.DependencyTest" name="test1" time="0.001"/>
  <testcase classname="testngproject.DependencyTest" name="test2" time="0.002"/>
</testsuite> <!-- testngproject.DependencyTest -->
