<?xml version="1.0" encoding="UTF-8"?>
<!-- Generated by org.testng.reporters.JUnitReportReporter -->
<testsuite hostname="Cityzen" failures="0" tests="3" name="testngproject.ParallelTestC" time="0.027" errors="0" timestamp="2024-06-10T16:39:08 EDT" skipped="0">
  <testcase classname="testngproject.ParallelTestC" name="testMethod1" time="0.001"/>
  <testcase classname="testngproject.ParallelTestC" name="testMethod1" time="0.013"/>
  <testcase classname="testngproject.ParallelTestC" name="testMethod1" time="0.013"/>
</testsuite> <!-- testngproject.ParallelTestC -->
