<?xml version="1.0" encoding="UTF-8"?>
<!-- Generated by org.testng.reporters.JUnitReportReporter -->
<testsuite hostname="Cityzen" failures="0" tests="2" name="testngproject.DataProviderTest" time="14.811" errors="0" timestamp="2024-06-10T16:27:27 EDT" skipped="0">
  <testcase classname="testngproject.DataProviderTest" name="loginTest" time="8.154"/>
  <testcase classname="testngproject.DataProviderTest" name="loginTest" time="6.657"/>
</testsuite> <!-- testngproject.DataProviderTest -->
