<?xml version="1.0" encoding="UTF-8"?>
<!-- Generated by org.testng.reporters.JUnitReportReporter -->
<testsuite hostname="Cityzen" failures="0" tests="2" name="testngproject.ParallelTestB" time="0.004" errors="0" timestamp="2024-06-10T16:32:12 EDT" skipped="0">
  <testcase classname="testngproject.ParallelTestB" name="test3" time="0.002"/>
  <testcase classname="testngproject.ParallelTestB" name="test4" time="0.002"/>
</testsuite> <!-- testngproject.ParallelTestB -->
