<?xml version="1.0" encoding="UTF-8"?>
<!-- Generated by org.testng.reporters.JUnitReportReporter -->
<testsuite hostname="Cityzen" failures="0" tests="3" name="testngproject.GroupsTest" time="0.004" errors="0" timestamp="2024-06-09T01:18:52 EDT" skipped="0">
  <testcase classname="testngproject.GroupsTest" name="testGroup1a" time="0.001"/>
  <testcase classname="testngproject.GroupsTest" name="testGroup2" time="0.001"/>
  <testcase classname="testngproject.GroupsTest" name="testGroup1" time="0.002"/>
</testsuite> <!-- testngproject.GroupsTest -->
