<?xml version="1.0" encoding="UTF-8"?>
<!-- Generated by org.testng.reporters.JUnitReportReporter -->
<testsuite hostname="Cityzen" failures="0" tests="2" name="extentReport.BaseClass" time="18.084" errors="0" timestamp="2024-07-01T10:47:54 EDT" skipped="0">
  <testcase classname="extentReport.BaseClass" name="testLogin" time="9.750"/>
  <testcase classname="extentReport.BaseClass" name="testInvalidLogin" time="8.334"/>
</testsuite> <!-- extentReport.BaseClass -->
