<?xml version="1.0" encoding="UTF-8"?>
<!-- Generated by org.testng.reporters.JUnitReportReporter -->
<testsuite hostname="Cityzen" failures="0" tests="2" name="testngproject.ParallelTestA" time="0.016" errors="0" timestamp="2024-06-10T16:32:12 EDT" skipped="0">
  <testcase classname="testngproject.ParallelTestA" name="test1" time="0.008"/>
  <testcase classname="testngproject.ParallelTestA" name="test2" time="0.008"/>
</testsuite> <!-- testngproject.ParallelTestA -->
