<?xml version="1.0" encoding="UTF-8"?>
<!-- Generated by org.testng.reporters.JUnitReportReporter -->
<testsuite hostname="Cityzen" failures="0" tests="2" name="testngproject.OrangeHRMTest" time="19.613" errors="0" timestamp="2024-06-26T15:25:55 EDT" skipped="0">
  <testcase classname="testngproject.OrangeHRMTest" name="testLogin" time="10.292"/>
  <testcase classname="testngproject.OrangeHRMTest" name="testInvalidLogin" time="9.321"/>
</testsuite> <!-- testngproject.OrangeHRMTest -->
