<?xml version="1.0" encoding="UTF-8"?>
<!-- Generated by org.testng.reporters.JUnitReportReporter -->
<testsuite hostname="Cityzen" failures="0" tests="1" name="testngproject.ParametersTest" time="7.155" errors="0" timestamp="2024-06-09T01:42:18 EDT" skipped="0">
  <testcase classname="testngproject.ParametersTest" name="loginTest" time="7.155"/>
</testsuite> <!-- testngproject.ParametersTest -->
