<?xml version="1.0" encoding="UTF-8"?>
<!-- Generated by org.testng.reporters.JUnitReportReporter -->
<testsuite hostname="Cityzen" failures="0" tests="1" name="pom.PomTest" time="4.703" errors="0" timestamp="2024-06-26T18:56:48 EDT" skipped="0">
  <testcase classname="pom.PomTest" name="testLogin" time="4.703"/>
</testsuite> <!-- pom.PomTest -->
